# JRE version: OpenJDK Runtime Environment Temurin-17.0.11+9 (17.0.11+9) (build 17.0.11+9)
# Java VM: OpenJDK Client VM Temurin-17.0.11+9 (17.0.11+9, mixed mode, emulated-client, serial gc, windows-x86)
GC Precious Log:
 CPUs: 12 total, 12 available
 Memory: 7631M
 Large Page Support: Disabled
 NUMA Support: Disabled
 Compressed Oops: Disabled
 Heap Min Capacity: 6M
 Heap Initial Capacity: 16M
 Heap Max Capacity: 1536M
 Pre-touch: Disabled
Heap:
 def new generation   total 157568K, used 24281K [0x05000000, 0x0faf0000, 0x25000000)
  eden space 140096K,  16% used [0x05000000, 0x06716c88, 0x0d8d0000)
  from space 17472K,   3% used [0x0d8d0000, 0x0d96f890, 0x0e9e0000)
  to   space 17472K,   0% used [0x0e9e0000, 0x0e9e0000, 0x0faf0000)
 tenured generation   total 348356K, used 278907K [0x25000000, 0x3a431000, 0x65000000)
   the space 348356K,  80% used [0x25000000, 0x3605efd8, 0x3605f000, 0x3a431000)
 Metaspace       used 97682K, committed 98304K, reserved 98304K
GC Heap History (20 events):
Event: 3245.068 GC heap before
{Heap before GC invocations=116 (full 7):
 def new generation   total 157568K, used 144868K [0x05000000, 0x0faf0000, 0x25000000)
  eden space 140096K, 100% used [0x05000000, 0x0d8d0000, 0x0d8d0000)
  from space 17472K,  27% used [0x0d8d0000, 0x0dd793f8, 0x0e9e0000)
  to   space 17472K,   0% used [0x0e9e0000, 0x0e9e0000, 0x0faf0000)
 tenured generation   total 348356K, used 267556K [0x25000000, 0x3a431000, 0x65000000)
   the space 348356K,  76% used [0x25000000, 0x35549098, 0x35549200, 0x3a431000)
 Metaspace       used 93649K, committed 94272K, reserved 98304K
}
Event: 3245.080 GC heap after
{Heap after GC invocations=117 (full 7):
 def new generation   total 157568K, used 4936K [0x05000000, 0x0faf0000, 0x25000000)
  eden space 140096K,   0% used [0x05000000, 0x05000000, 0x0d8d0000)
  from space 17472K,  28% used [0x0e9e0000, 0x0eeb23a0, 0x0faf0000)
  to   space 17472K,   0% used [0x0d8d0000, 0x0d8d0000, 0x0e9e0000)
 tenured generation   total 348356K, used 267556K [0x25000000, 0x3a431000, 0x65000000)
   the space 348356K,  76% used [0x25000000, 0x35549098, 0x35549200, 0x3a431000)
 Metaspace       used 93649K, committed 94272K, reserved 98304K
}
Event: 3245.155 GC heap before
{Heap before GC invocations=117 (full 7):
 def new generation   total 157568K, used 145032K [0x05000000, 0x0faf0000, 0x25000000)
  eden space 140096K, 100% used [0x05000000, 0x0d8d0000, 0x0d8d0000)
  from space 17472K,  28% used [0x0e9e0000, 0x0eeb23a0, 0x0faf0000)
  to   space 17472K,   0% used [0x0d8d0000, 0x0d8d0000, 0x0e9e0000)
 tenured generation   total 348356K, used 267556K [0x25000000, 0x3a431000, 0x65000000)
   the space 348356K,  76% used [0x25000000, 0x35549098, 0x35549200, 0x3a431000)
 Metaspace       used 93651K, committed 94272K, reserved 98304K
}
Event: 3245.166 GC heap after
{Heap after GC invocations=118 (full 7):
 def new generation   total 157568K, used 4922K [0x05000000, 0x0faf0000, 0x25000000)
  eden space 140096K,   0% used [0x05000000, 0x05000000, 0x0d8d0000)
  from space 17472K,  28% used [0x0d8d0000, 0x0dd9e9c0, 0x0e9e0000)
  to   space 17472K,   0% used [0x0e9e0000, 0x0e9e0000, 0x0faf0000)
 tenured generation   total 348356K, used 267556K [0x25000000, 0x3a431000, 0x65000000)
   the space 348356K,  76% used [0x25000000, 0x35549098, 0x35549200, 0x3a431000)
 Metaspace       used 93651K, committed 94272K, reserved 98304K
}
Event: 3245.345 GC heap before
{Heap before GC invocations=118 (full 7):
 def new generation   total 157568K, used 145018K [0x05000000, 0x0faf0000, 0x25000000)
  eden space 140096K, 100% used [0x05000000, 0x0d8d0000, 0x0d8d0000)
  from space 17472K,  28% used [0x0d8d0000, 0x0dd9e9c0, 0x0e9e0000)
  to   space 17472K,   0% used [0x0e9e0000, 0x0e9e0000, 0x0faf0000)
 tenured generation   total 348356K, used 267556K [0x25000000, 0x3a431000, 0x65000000)
   the space 348356K,  76% used [0x25000000, 0x35549098, 0x35549200, 0x3a431000)
 Metaspace       used 94032K, committed 94656K, reserved 98304K
}
Event: 3245.363 GC heap after
{Heap after GC invocations=119 (full 7):
 def new generation   total 157568K, used 6664K [0x05000000, 0x0faf0000, 0x25000000)
  eden space 140096K,   0% used [0x05000000, 0x05000000, 0x0d8d0000)
  from space 17472K,  38% used [0x0e9e0000, 0x0f062280, 0x0faf0000)
  to   space 17472K,   0% used [0x0d8d0000, 0x0d8d0000, 0x0e9e0000)
 tenured generation   total 348356K, used 267556K [0x25000000, 0x3a431000, 0x65000000)
   the space 348356K,  76% used [0x25000000, 0x35549098, 0x35549200, 0x3a431000)
 Metaspace       used 94032K, committed 94656K, reserved 98304K
}
Event: 3246.015 GC heap before
{Heap before GC invocations=119 (full 7):
 def new generation   total 157568K, used 146760K [0x05000000, 0x0faf0000, 0x25000000)
  eden space 140096K, 100% used [0x05000000, 0x0d8d0000, 0x0d8d0000)
  from space 17472K,  38% used [0x0e9e0000, 0x0f062280, 0x0faf0000)
  to   space 17472K,   0% used [0x0d8d0000, 0x0d8d0000, 0x0e9e0000)
 tenured generation   total 348356K, used 267556K [0x25000000, 0x3a431000, 0x65000000)
   the space 348356K,  76% used [0x25000000, 0x35549098, 0x35549200, 0x3a431000)
 Metaspace       used 94604K, committed 95232K, reserved 98304K
}
Event: 3246.035 GC heap after
{Heap after GC invocations=120 (full 7):
 def new generation   total 157568K, used 8191K [0x05000000, 0x0faf0000, 0x25000000)
  eden space 140096K,   0% used [0x05000000, 0x05000000, 0x0d8d0000)
  from space 17472K,  46% used [0x0d8d0000, 0x0e0cfe90, 0x0e9e0000)
  to   space 17472K,   0% used [0x0e9e0000, 0x0e9e0000, 0x0faf0000)
 tenured generation   total 348356K, used 267556K [0x25000000, 0x3a431000, 0x65000000)
   the space 348356K,  76% used [0x25000000, 0x35549098, 0x35549200, 0x3a431000)
 Metaspace       used 94604K, committed 95232K, reserved 98304K
}
Event: 3246.424 GC heap before
{Heap before GC invocations=120 (full 7):
 def new generation   total 157568K, used 148287K [0x05000000, 0x0faf0000, 0x25000000)
  eden space 140096K, 100% used [0x05000000, 0x0d8d0000, 0x0d8d0000)
  from space 17472K,  46% used [0x0d8d0000, 0x0e0cfe90, 0x0e9e0000)
  to   space 17472K,   0% used [0x0e9e0000, 0x0e9e0000, 0x0faf0000)
 tenured generation   total 348356K, used 267556K [0x25000000, 0x3a431000, 0x65000000)
   the space 348356K,  76% used [0x25000000, 0x35549098, 0x35549200, 0x3a431000)
 Metaspace       used 95834K, committed 96448K, reserved 98304K
}
Event: 3246.457 GC heap after
{Heap after GC invocations=121 (full 7):
 def new generation   total 157568K, used 10257K [0x05000000, 0x0faf0000, 0x25000000)
  eden space 140096K,   0% used [0x05000000, 0x05000000, 0x0d8d0000)
  from space 17472K,  58% used [0x0e9e0000, 0x0f3e4710, 0x0faf0000)
  to   space 17472K,   0% used [0x0d8d0000, 0x0d8d0000, 0x0e9e0000)
 tenured generation   total 348356K, used 267556K [0x25000000, 0x3a431000, 0x65000000)
   the space 348356K,  76% used [0x25000000, 0x35549098, 0x35549200, 0x3a431000)
 Metaspace       used 95834K, committed 96448K, reserved 98304K
}
Event: 3246.548 GC heap before
{Heap before GC invocations=121 (full 7):
 def new generation   total 157568K, used 150353K [0x05000000, 0x0faf0000, 0x25000000)
  eden space 140096K,  99% used [0x05000000, 0x0d8cff60, 0x0d8d0000)
  from space 17472K,  58% used [0x0e9e0000, 0x0f3e4710, 0x0faf0000)
  to   space 17472K,   0% used [0x0d8d0000, 0x0d8d0000, 0x0e9e0000)
 tenured generation   total 348356K, used 267556K [0x25000000, 0x3a431000, 0x65000000)
   the space 348356K,  76% used [0x25000000, 0x35549098, 0x35549200, 0x3a431000)
 Metaspace       used 95892K, committed 96512K, reserved 98304K
}
Event: 3246.573 GC heap after
{Heap after GC invocations=122 (full 7):
 def new generation   total 157568K, used 8916K [0x05000000, 0x0faf0000, 0x25000000)
  eden space 140096K,   0% used [0x05000000, 0x05000000, 0x0d8d0000)
  from space 17472K,  51% used [0x0d8d0000, 0x0e1851a0, 0x0e9e0000)
  to   space 17472K,   0% used [0x0e9e0000, 0x0e9e0000, 0x0faf0000)
 tenured generation   total 348356K, used 269107K [0x25000000, 0x3a431000, 0x65000000)
   the space 348356K,  77% used [0x25000000, 0x356ccec0, 0x356cd000, 0x3a431000)
 Metaspace       used 95892K, committed 96512K, reserved 98304K
}
Event: 3246.642 GC heap before
{Heap before GC invocations=122 (full 7):
 def new generation   total 157568K, used 149012K [0x05000000, 0x0faf0000, 0x25000000)
  eden space 140096K, 100% used [0x05000000, 0x0d8d0000, 0x0d8d0000)
  from space 17472K,  51% used [0x0d8d0000, 0x0e1851a0, 0x0e9e0000)
  to   space 17472K,   0% used [0x0e9e0000, 0x0e9e0000, 0x0faf0000)
 tenured generation   total 348356K, used 269107K [0x25000000, 0x3a431000, 0x65000000)
   the space 348356K,  77% used [0x25000000, 0x356ccec0, 0x356cd000, 0x3a431000)
 Metaspace       used 95902K, committed 96512K, reserved 98304K
}
Event: 3246.660 GC heap after
{Heap after GC invocations=123 (full 7):
 def new generation   total 157568K, used 9041K [0x05000000, 0x0faf0000, 0x25000000)
  eden space 140096K,   0% used [0x05000000, 0x05000000, 0x0d8d0000)
  from space 17472K,  51% used [0x0e9e0000, 0x0f2b47b0, 0x0faf0000)
  to   space 17472K,   0% used [0x0d8d0000, 0x0d8d0000, 0x0e9e0000)
 tenured generation   total 348356K, used 269261K [0x25000000, 0x3a431000, 0x65000000)
   the space 348356K,  77% used [0x25000000, 0x356f3560, 0x356f3600, 0x3a431000)
 Metaspace       used 95902K, committed 96512K, reserved 98304K
}
Event: 3246.718 GC heap before
{Heap before GC invocations=123 (full 7):
 def new generation   total 157568K, used 149137K [0x05000000, 0x0faf0000, 0x25000000)
  eden space 140096K, 100% used [0x05000000, 0x0d8d0000, 0x0d8d0000)
  from space 17472K,  51% used [0x0e9e0000, 0x0f2b47b0, 0x0faf0000)
  to   space 17472K,   0% used [0x0d8d0000, 0x0d8d0000, 0x0e9e0000)
 tenured generation   total 348356K, used 269261K [0x25000000, 0x3a431000, 0x65000000)
   the space 348356K,  77% used [0x25000000, 0x356f3560, 0x356f3600, 0x3a431000)
 Metaspace       used 95939K, committed 96576K, reserved 98304K
}
Event: 3246.737 GC heap after
{Heap after GC invocations=124 (full 7):
 def new generation   total 157568K, used 8952K [0x05000000, 0x0faf0000, 0x25000000)
  eden space 140096K,   0% used [0x05000000, 0x05000000, 0x0d8d0000)
  from space 17472K,  51% used [0x0d8d0000, 0x0e18e1d0, 0x0e9e0000)
  to   space 17472K,   0% used [0x0e9e0000, 0x0e9e0000, 0x0faf0000)
 tenured generation   total 348356K, used 269548K [0x25000000, 0x3a431000, 0x65000000)
   the space 348356K,  77% used [0x25000000, 0x3573b0d0, 0x3573b200, 0x3a431000)
 Metaspace       used 95939K, committed 96576K, reserved 98304K
}
Event: 3247.083 GC heap before
{Heap before GC invocations=124 (full 7):
 def new generation   total 157568K, used 149048K [0x05000000, 0x0faf0000, 0x25000000)
  eden space 140096K, 100% used [0x05000000, 0x0d8d0000, 0x0d8d0000)
  from space 17472K,  51% used [0x0d8d0000, 0x0e18e1d0, 0x0e9e0000)
  to   space 17472K,   0% used [0x0e9e0000, 0x0e9e0000, 0x0faf0000)
 tenured generation   total 348356K, used 269548K [0x25000000, 0x3a431000, 0x65000000)
   the space 348356K,  77% used [0x25000000, 0x3573b0d0, 0x3573b200, 0x3a431000)
 Metaspace       used 96501K, committed 97152K, reserved 98304K
}
Event: 3247.132 GC heap after
{Heap after GC invocations=125 (full 7):
 def new generation   total 157568K, used 17472K [0x05000000, 0x0faf0000, 0x25000000)
  eden space 140096K,   0% used [0x05000000, 0x05000000, 0x0d8d0000)
  from space 17472K, 100% used [0x0e9e0000, 0x0faf0000, 0x0faf0000)
  to   space 17472K,   0% used [0x0d8d0000, 0x0d8d0000, 0x0e9e0000)
 tenured generation   total 348356K, used 271364K [0x25000000, 0x3a431000, 0x65000000)
   the space 348356K,  77% used [0x25000000, 0x35901240, 0x35901400, 0x3a431000)
 Metaspace       used 96501K, committed 97152K, reserved 98304K
}
Event: 3247.562 GC heap before
{Heap before GC invocations=125 (full 7):
 def new generation   total 157568K, used 157568K [0x05000000, 0x0faf0000, 0x25000000)
  eden space 140096K, 100% used [0x05000000, 0x0d8d0000, 0x0d8d0000)
  from space 17472K, 100% used [0x0e9e0000, 0x0faf0000, 0x0faf0000)
  to   space 17472K,   0% used [0x0d8d0000, 0x0d8d0000, 0x0e9e0000)
 tenured generation   total 348356K, used 271364K [0x25000000, 0x3a431000, 0x65000000)
   the space 348356K,  77% used [0x25000000, 0x35901240, 0x35901400, 0x3a431000)
 Metaspace       used 97160K, committed 97792K, reserved 98304K
}
Event: 3247.584 GC heap after
{Heap after GC invocations=126 (full 7):
 def new generation   total 157568K, used 638K [0x05000000, 0x0faf0000, 0x25000000)
  eden space 140096K,   0% used [0x05000000, 0x05000000, 0x0d8d0000)
  from space 17472K,   3% used [0x0d8d0000, 0x0d96f890, 0x0e9e0000)
  to   space 17472K,   0% used [0x0e9e0000, 0x0e9e0000, 0x0faf0000)
 tenured generation   total 348356K, used 278907K [0x25000000, 0x3a431000, 0x65000000)
   the space 348356K,  80% used [0x25000000, 0x3605efd8, 0x3605f000, 0x3a431000)
 Metaspace       used 97160K, committed 97792K, reserved 98304K
}

